This is pdfTeX, Version 3.14159265-2.6-1.40.17 (TeX Live 2016) (preloaded format=pdflatex 2016.5.22)  3 NOV 2016 21:21
entering extended mode
 restricted \write18 enabled.
 %&-line parsing enabled.
**MD_SolHW4_1.tex
(./MD_SolHW4_1.tex
LaTeX2e <2016/03/31>
Babel <3.9r> and hyphenation patterns for 83 language(s) loaded.
(/usr/local/texlive/2016/texmf-dist/tex/latex/base/article.cls
Document Class: article 2014/09/29 v1.4h Standard LaTeX document class
(/usr/local/texlive/2016/texmf-dist/tex/latex/base/size10.clo
File: size10.clo 2014/09/29 v1.4h Standard LaTeX file (size option)
)
\c@part=\count79
\c@section=\count80
\c@subsection=\count81
\c@subsubsection=\count82
\c@paragraph=\count83
\c@subparagraph=\count84
\c@figure=\count85
\c@table=\count86
\abovecaptionskip=\skip41
\belowcaptionskip=\skip42
\bibindent=\dimen102
)
(/usr/local/texlive/2016/texmf-dist/tex/latex/geometry/geometry.sty
Package: geometry 2010/09/12 v5.6 Page Geometry

(/usr/local/texlive/2016/texmf-dist/tex/latex/graphics/keyval.sty
Package: keyval 2014/10/28 v1.15 key=value parser (DPC)
\KV@toks@=\toks14
)
(/usr/local/texlive/2016/texmf-dist/tex/generic/oberdiek/ifpdf.sty
Package: ifpdf 2016/05/14 v3.1 Provides the ifpdf switch
)
(/usr/local/texlive/2016/texmf-dist/tex/generic/oberdiek/ifvtex.sty
Package: ifvtex 2016/05/16 v1.6 Detect VTeX and its facilities (HO)
Package ifvtex Info: VTeX not detected.
)
(/usr/local/texlive/2016/texmf-dist/tex/generic/ifxetex/ifxetex.sty
Package: ifxetex 2010/09/12 v0.6 Provides ifxetex conditional
)
\Gm@cnth=\count87
\Gm@cntv=\count88
\c@Gm@tempcnt=\count89
\Gm@bindingoffset=\dimen103
\Gm@wd@mp=\dimen104
\Gm@odd@mp=\dimen105
\Gm@even@mp=\dimen106
\Gm@layoutwidth=\dimen107
\Gm@layoutheight=\dimen108
\Gm@layouthoffset=\dimen109
\Gm@layoutvoffset=\dimen110
\Gm@dimlist=\toks15
)
(/usr/local/texlive/2016/texmf-dist/tex/latex/graphics/graphicx.sty
Package: graphicx 2014/10/28 v1.0g Enhanced LaTeX Graphics (DPC,SPQR)

(/usr/local/texlive/2016/texmf-dist/tex/latex/graphics/graphics.sty
Package: graphics 2016/05/09 v1.0r Standard LaTeX Graphics (DPC,SPQR)

(/usr/local/texlive/2016/texmf-dist/tex/latex/graphics/trig.sty
Package: trig 2016/01/03 v1.10 sin cos tan (DPC)
)
(/usr/local/texlive/2016/texmf-dist/tex/latex/graphics-cfg/graphics.cfg
File: graphics.cfg 2016/01/02 v1.10 sample graphics configuration
)
Package graphics Info: Driver file: pdftex.def on input line 96.

(/usr/local/texlive/2016/texmf-dist/tex/latex/pdftex-def/pdftex.def
File: pdftex.def 2011/05/27 v0.06d Graphics/color for pdfTeX

(/usr/local/texlive/2016/texmf-dist/tex/generic/oberdiek/infwarerr.sty
Package: infwarerr 2016/05/16 v1.4 Providing info/warning/error messages (HO)
)
(/usr/local/texlive/2016/texmf-dist/tex/generic/oberdiek/ltxcmds.sty
Package: ltxcmds 2016/05/16 v1.23 LaTeX kernel commands for general use (HO)
)
\Gread@gobject=\count90
))
\Gin@req@height=\dimen111
\Gin@req@width=\dimen112
)
(/usr/local/texlive/2016/texmf-dist/tex/latex/caption/caption.sty
Package: caption 2016/02/21 v3.3-144 Customizing captions (AR)

(/usr/local/texlive/2016/texmf-dist/tex/latex/caption/caption3.sty
Package: caption3 2016/02/04 v1.7-139 caption3 kernel (AR)
Package caption3 Info: TeX engine: e-TeX on input line 67.
\captionmargin=\dimen113
\captionmargin@=\dimen114
\captionwidth=\dimen115
\caption@tempdima=\dimen116
\caption@indent=\dimen117
\caption@parindent=\dimen118
\caption@hangindent=\dimen119
)
\c@ContinuedFloat=\count91
)
(/usr/local/texlive/2016/texmf-dist/tex/latex/caption/subcaption.sty
Package: subcaption 2016/02/20 v1.1-142 Sub-captions (AR)
\c@subfigure=\count92
\c@subtable=\count93
)
(/usr/local/texlive/2016/texmf-dist/tex/latex/amsmath/amsmath.sty
Package: amsmath 2016/03/10 v2.15b AMS math features
\@mathmargin=\skip43

For additional information on amsmath, use the `?' option.
(/usr/local/texlive/2016/texmf-dist/tex/latex/amsmath/amstext.sty
Package: amstext 2000/06/29 v2.01 AMS text

(/usr/local/texlive/2016/texmf-dist/tex/latex/amsmath/amsgen.sty
File: amsgen.sty 1999/11/30 v2.0 generic functions
\@emptytoks=\toks16
\ex@=\dimen120
))
(/usr/local/texlive/2016/texmf-dist/tex/latex/amsmath/amsbsy.sty
Package: amsbsy 1999/11/29 v1.2d Bold Symbols
\pmbraise@=\dimen121
)
(/usr/local/texlive/2016/texmf-dist/tex/latex/amsmath/amsopn.sty
Package: amsopn 2016/03/08 v2.02 operator names
)
\inf@bad=\count94
LaTeX Info: Redefining \frac on input line 199.
\uproot@=\count95
\leftroot@=\count96
LaTeX Info: Redefining \overline on input line 297.
\classnum@=\count97
\DOTSCASE@=\count98
LaTeX Info: Redefining \ldots on input line 394.
LaTeX Info: Redefining \dots on input line 397.
LaTeX Info: Redefining \cdots on input line 518.
\Mathstrutbox@=\box26
\strutbox@=\box27
\big@size=\dimen122
LaTeX Font Info:    Redeclaring font encoding OML on input line 634.
LaTeX Font Info:    Redeclaring font encoding OMS on input line 635.
\macc@depth=\count99
\c@MaxMatrixCols=\count100
\dotsspace@=\muskip10
\c@parentequation=\count101
\dspbrk@lvl=\count102
\tag@help=\toks17
\row@=\count103
\column@=\count104
\maxfields@=\count105
\andhelp@=\toks18
\eqnshift@=\dimen123
\alignsep@=\dimen124
\tagshift@=\dimen125
\tagwidth@=\dimen126
\totwidth@=\dimen127
\lineht@=\dimen128
\@envbody=\toks19
\multlinegap=\skip44
\multlinetaggap=\skip45
\mathdisplay@stack=\toks20
LaTeX Info: Redefining \[ on input line 2739.
LaTeX Info: Redefining \] on input line 2740.
)
(/usr/local/texlive/2016/texmf-dist/tex/latex/listings/listings.sty
\lst@mode=\count106
\lst@gtempboxa=\box28
\lst@token=\toks21
\lst@length=\count107
\lst@currlwidth=\dimen129
\lst@column=\count108
\lst@pos=\count109
\lst@lostspace=\dimen130
\lst@width=\dimen131
\lst@newlines=\count110
\lst@lineno=\count111
\lst@maxwidth=\dimen132

(/usr/local/texlive/2016/texmf-dist/tex/latex/listings/lstmisc.sty
File: lstmisc.sty 2015/06/04 1.6 (Carsten Heinz)
\c@lstnumber=\count112
\lst@skipnumbers=\count113
\lst@framebox=\box29
)
(/usr/local/texlive/2016/texmf-dist/tex/latex/listings/listings.cfg
File: listings.cfg 2015/06/04 1.6 listings configuration
))
Package: listings 2015/06/04 1.6 (Carsten Heinz)

(/usr/local/texlive/2016/texmf-dist/tex/latex/hyperref/hyperref.sty
Package: hyperref 2016/05/05 v6.83n Hypertext links for LaTeX

(/usr/local/texlive/2016/texmf-dist/tex/generic/oberdiek/hobsub-hyperref.sty
Package: hobsub-hyperref 2016/05/16 v1.14 Bundle oberdiek, subset hyperref (HO)


(/usr/local/texlive/2016/texmf-dist/tex/generic/oberdiek/hobsub-generic.sty
Package: hobsub-generic 2016/05/16 v1.14 Bundle oberdiek, subset generic (HO)
Package: hobsub 2016/05/16 v1.14 Construct package bundles (HO)
Package hobsub Info: Skipping package `infwarerr' (already loaded).
Package hobsub Info: Skipping package `ltxcmds' (already loaded).
Package: ifluatex 2016/05/16 v1.4 Provides the ifluatex switch (HO)
Package ifluatex Info: LuaTeX not detected.
Package hobsub Info: Skipping package `ifvtex' (already loaded).
Package: intcalc 2016/05/16 v1.2 Expandable calculations with integers (HO)
Package hobsub Info: Skipping package `ifpdf' (already loaded).
Package: etexcmds 2016/05/16 v1.6 Avoid name clashes with e-TeX commands (HO)
Package etexcmds Info: Could not find \expanded.
(etexcmds)             That can mean that you are not using pdfTeX 1.50 or
(etexcmds)             that some package has redefined \expanded.
(etexcmds)             In the latter case, load this package earlier.
Package: kvsetkeys 2016/05/16 v1.17 Key value parser (HO)
Package: kvdefinekeys 2016/05/16 v1.4 Define keys (HO)
Package: pdftexcmds 2016/05/10 v0.21 Utility functions of pdfTeX for LuaTeX (HO
)
Package pdftexcmds Info: LuaTeX not detected.
Package pdftexcmds Info: \pdf@primitive is available.
Package pdftexcmds Info: \pdf@ifprimitive is available.
Package pdftexcmds Info: \pdfdraftmode found.
Package: pdfescape 2016/05/16 v1.14 Implements pdfTeX's escape features (HO)
Package: bigintcalc 2016/05/16 v1.4 Expandable calculations on big integers (HO
)
Package: bitset 2016/05/16 v1.2 Handle bit-vector datatype (HO)
Package: uniquecounter 2016/05/16 v1.3 Provide unlimited unique counter (HO)
)
Package hobsub Info: Skipping package `hobsub' (already loaded).
Package: letltxmacro 2016/05/16 v1.5 Let assignment for LaTeX macros (HO)
Package: hopatch 2016/05/16 v1.3 Wrapper for package hooks (HO)
Package: xcolor-patch 2016/05/16 xcolor patch
Package: atveryend 2016/05/16 v1.9 Hooks at the very end of document (HO)
Package atveryend Info: \enddocument detected (standard20110627).
Package: atbegshi 2016/05/16 v1.17 At begin shipout hook (HO)
Package: refcount 2016/05/16 v3.5 Data extraction from label references (HO)
Package: hycolor 2016/05/16 v1.8 Color options for hyperref/bookmark (HO)
)
(/usr/local/texlive/2016/texmf-dist/tex/latex/oberdiek/auxhook.sty
Package: auxhook 2016/05/16 v1.4 Hooks for auxiliary files (HO)
)
(/usr/local/texlive/2016/texmf-dist/tex/latex/oberdiek/kvoptions.sty
Package: kvoptions 2016/05/16 v3.12 Key value format for package options (HO)
)
\@linkdim=\dimen133
\Hy@linkcounter=\count114
\Hy@pagecounter=\count115

(/usr/local/texlive/2016/texmf-dist/tex/latex/hyperref/pd1enc.def
File: pd1enc.def 2016/05/05 v6.83n Hyperref: PDFDocEncoding definition (HO)
)
\Hy@SavedSpaceFactor=\count116

(/usr/local/texlive/2016/texmf-dist/tex/latex/latexconfig/hyperref.cfg
File: hyperref.cfg 2002/06/06 v1.2 hyperref configuration of TeXLive
)
Package hyperref Info: Hyper figures OFF on input line 4446.
Package hyperref Info: Link nesting OFF on input line 4451.
Package hyperref Info: Hyper index ON on input line 4454.
Package hyperref Info: Plain pages OFF on input line 4461.
Package hyperref Info: Backreferencing OFF on input line 4466.
Package hyperref Info: Implicit mode ON; LaTeX internals redefined.
Package hyperref Info: Bookmarks ON on input line 4691.
\c@Hy@tempcnt=\count117

(/usr/local/texlive/2016/texmf-dist/tex/latex/url/url.sty
\Urlmuskip=\muskip11
Package: url 2013/09/16  ver 3.4  Verb mode for urls, etc.
)
LaTeX Info: Redefining \url on input line 5044.
\XeTeXLinkMargin=\dimen134
\Fld@menulength=\count118
\Field@Width=\dimen135
\Fld@charsize=\dimen136
Package hyperref Info: Hyper figures OFF on input line 6298.
Package hyperref Info: Link nesting OFF on input line 6303.
Package hyperref Info: Hyper index ON on input line 6306.
Package hyperref Info: backreferencing OFF on input line 6313.
Package hyperref Info: Link coloring OFF on input line 6318.
Package hyperref Info: Link coloring with OCG OFF on input line 6323.
Package hyperref Info: PDF/A mode OFF on input line 6328.
LaTeX Info: Redefining \ref on input line 6368.
LaTeX Info: Redefining \pageref on input line 6372.
\Hy@abspage=\count119
\c@Item=\count120
\c@Hfootnote=\count121
)

Package hyperref Message: Driver (autodetected): hpdftex.

(/usr/local/texlive/2016/texmf-dist/tex/latex/hyperref/hpdftex.def
File: hpdftex.def 2016/05/05 v6.83n Hyperref driver for pdfTeX
\Fld@listcount=\count122
\c@bookmark@seq@number=\count123

(/usr/local/texlive/2016/texmf-dist/tex/latex/oberdiek/rerunfilecheck.sty
Package: rerunfilecheck 2016/05/16 v1.8 Rerun checks for auxiliary files (HO)
Package uniquecounter Info: New unique counter `rerunfilecheck' on input line 2
82.
)
\Hy@SectionHShift=\skip46
)
(/usr/local/texlive/2016/texmf-dist/tex/latex/tools/verbatim.sty
Package: verbatim 2014/10/28 v1.5q LaTeX2e package for verbatim enhancements
\every@verbatim=\toks22
\verbatim@line=\toks23
\verbatim@in@stream=\read1
)
(/usr/local/texlive/2016/texmf-dist/tex/latex/float/float.sty
Package: float 2001/11/08 v1.3d Float enhancements (AL)
\c@float@type=\count124
\float@exts=\toks24
\float@box=\box30
\@float@everytoks=\toks25
\@floatcapt=\box31
)
\@float@every@program=\toks26
\c@program=\count125

(/usr/local/texlive/2016/texmf-dist/tex/latex/koma-script/scrextend.sty
Package: scrextend 2016/05/10 v3.20 KOMA-Script package (extend other classes w
ith features of KOMA-Script classes)

(/usr/local/texlive/2016/texmf-dist/tex/latex/koma-script/scrkbase.sty
Package: scrkbase 2016/05/10 v3.20 KOMA-Script package (KOMA-Script-dependent b
asics and keyval usage)

(/usr/local/texlive/2016/texmf-dist/tex/latex/koma-script/scrbase.sty
Package: scrbase 2016/05/10 v3.20 KOMA-Script package (KOMA-Script-independent 
basics and keyval usage)

(/usr/local/texlive/2016/texmf-dist/tex/latex/koma-script/scrlfile.sty
Package: scrlfile 2016/05/10 v3.20 KOMA-Script package (loading files)

Package scrlfile, 2016/05/10 v3.20 KOMA-Script package (loading files)
                  Copyright (C) Markus Kohm

)))

LaTeX Warning: Command \@footnotemark  has changed.
               Check if current package is valid.

LaTeX Info: Redefining \textsubscript on input line 1292.
) (/usr/local/texlive/2016/texmf-dist/tex/latex/graphics/color.sty
Package: color 2016/05/09 v1.1c Standard LaTeX Color (DPC)

(/usr/local/texlive/2016/texmf-dist/tex/latex/graphics-cfg/color.cfg
File: color.cfg 2016/01/02 v1.6 sample color configuration
)
Package color Info: Driver file: pdftex.def on input line 144.
)
(/usr/local/texlive/2016/texmf-dist/tex/latex/soul/soul.sty
Package: soul 2003/11/17 v2.4 letterspacing/underlining (mf)
\SOUL@word=\toks27
\SOUL@lasttoken=\toks28
\SOUL@cmds=\toks29
\SOUL@buffer=\toks30
\SOUL@token=\toks31
\SOUL@spaceskip=\skip47
\SOUL@ttwidth=\dimen137
\SOUL@uldp=\dimen138
\SOUL@ulht=\dimen139
) (./MD_SolHW4_1.aux

LaTeX Warning: Label `exp:eq0' multiply defined.


LaTeX Warning: Label `exp:eq0' multiply defined.


LaTeX Warning: Label `exp:eq0' multiply defined.


LaTeX Warning: Label `exp:eq0' multiply defined.


LaTeX Warning: Label `exp:eq0' multiply defined.

)
\openout1 = `MD_SolHW4_1.aux'.

LaTeX Font Info:    Checking defaults for OML/cmm/m/it on input line 29.
LaTeX Font Info:    ... okay on input line 29.
LaTeX Font Info:    Checking defaults for T1/cmr/m/n on input line 29.
LaTeX Font Info:    ... okay on input line 29.
LaTeX Font Info:    Checking defaults for OT1/cmr/m/n on input line 29.
LaTeX Font Info:    ... okay on input line 29.
LaTeX Font Info:    Checking defaults for OMS/cmsy/m/n on input line 29.
LaTeX Font Info:    ... okay on input line 29.
LaTeX Font Info:    Checking defaults for OMX/cmex/m/n on input line 29.
LaTeX Font Info:    ... okay on input line 29.
LaTeX Font Info:    Checking defaults for U/cmr/m/n on input line 29.
LaTeX Font Info:    ... okay on input line 29.
LaTeX Font Info:    Checking defaults for PD1/pdf/m/n on input line 29.
LaTeX Font Info:    ... okay on input line 29.

*geometry* driver: auto-detecting
*geometry* detected driver: pdftex
*geometry* verbose mode - [ preamble ] result:
* driver: pdftex
* paper: <default>
* layout: <same size as paper>
* layoutoffset:(h,v)=(0.0pt,0.0pt)
* modes: 
* h-part:(L,W,R)=(72.26999pt, 469.75502pt, 72.26999pt)
* v-part:(T,H,B)=(72.26999pt, 650.43001pt, 72.26999pt)
* \paperwidth=614.295pt
* \paperheight=794.96999pt
* \textwidth=469.75502pt
* \textheight=650.43001pt
* \oddsidemargin=0.0pt
* \evensidemargin=0.0pt
* \topmargin=-37.0pt
* \headheight=12.0pt
* \headsep=25.0pt
* \topskip=10.0pt
* \footskip=30.0pt
* \marginparwidth=65.0pt
* \marginparsep=11.0pt
* \columnsep=10.0pt
* \skip\footins=8.09998pt plus 3.5996pt minus 1.80037pt
* \hoffset=0.0pt
* \voffset=0.0pt
* \mag=1000
* \@twocolumnfalse
* \@twosidefalse
* \@mparswitchfalse
* \@reversemarginfalse
* (1in=72.27pt=25.4mm, 1cm=28.453pt)

(/usr/local/texlive/2016/texmf-dist/tex/context/base/mkii/supp-pdf.mkii
[Loading MPS to PDF converter (version 2006.09.02).]
\scratchcounter=\count126
\scratchdimen=\dimen140
\scratchbox=\box32
\nofMPsegments=\count127
\nofMParguments=\count128
\everyMPshowfont=\toks32
\MPscratchCnt=\count129
\MPscratchDim=\dimen141
\MPnumerator=\count130
\makeMPintoPDFobject=\count131
\everyMPtoPDFconversion=\toks33
) (/usr/local/texlive/2016/texmf-dist/tex/latex/oberdiek/epstopdf-base.sty
Package: epstopdf-base 2016/05/15 v2.6 Base part for package epstopdf

(/usr/local/texlive/2016/texmf-dist/tex/latex/oberdiek/grfext.sty
Package: grfext 2016/05/16 v1.2 Manage graphics extensions (HO)
)
Package grfext Info: Graphics extension search list:
(grfext)             [.png,.pdf,.jpg,.mps,.jpeg,.jbig2,.jb2,.PNG,.PDF,.JPG,.JPE
G,.JBIG2,.JB2,.eps]
(grfext)             \AppendGraphicsExtensions on input line 456.

(/usr/local/texlive/2016/texmf-dist/tex/latex/latexconfig/epstopdf-sys.cfg
File: epstopdf-sys.cfg 2010/07/13 v1.3 Configuration of (r)epstopdf for TeX Liv
e
))
Package caption Info: Begin \AtBeginDocument code.
Package caption Info: float package is loaded.
Package caption Info: hyperref package is loaded.
Package caption Info: listings package is loaded.
Package caption Info: End \AtBeginDocument code.
\c@lstlisting=\count132
\AtBeginShipoutBox=\box33
Package hyperref Info: Link coloring OFF on input line 29.

(/usr/local/texlive/2016/texmf-dist/tex/latex/hyperref/nameref.sty
Package: nameref 2012/10/27 v2.43 Cross-referencing by name of section

(/usr/local/texlive/2016/texmf-dist/tex/generic/oberdiek/gettitlestring.sty
Package: gettitlestring 2016/05/16 v1.5 Cleanup title references (HO)
)
\c@section@level=\count133
)
LaTeX Info: Redefining \ref on input line 29.
LaTeX Info: Redefining \pageref on input line 29.
LaTeX Info: Redefining \nameref on input line 29.

(./MD_SolHW4_1.out) (./MD_SolHW4_1.out)
\@outlinefile=\write3
\openout3 = `MD_SolHW4_1.out'.



LaTeX Font Warning: Font shape `OT1/cmr/m/n' in size <12.96002> not available
(Font)              size <12> substituted on input line 36.


LaTeX Font Warning: Font shape `OT1/cmr/bx/n' in size <12.96002> not available
(Font)              size <12> substituted on input line 36.


Underfull \hbox (badness 10000) in paragraph at lines 58--63

 []

Missing character: There is no ‚ in font cmr9!
Missing character: There is no Ä in font cmr9!
Missing character: There is no ô in font cmr9!

Underfull \hbox (badness 10000) in paragraph at lines 67--71

 []


Underfull \hbox (badness 10000) in paragraph at lines 67--71

 []


Underfull \hbox (badness 10000) in paragraph at lines 82--92

 []


Underfull \hbox (badness 10000) in paragraph at lines 82--92

 []


Underfull \hbox (badness 10000) in paragraph at lines 82--92

 []


Underfull \hbox (badness 10000) in paragraph at lines 82--92

 []

[1

{/usr/local/texlive/2016/texmf-var/fonts/map/pdftex/updmap/pdftex.map}]
Overfull \hbox (2.73949pt too wide) in paragraph at lines 114--114
[]   \OT1/cmtt/m/n/9 unsigned long long int N = atoll( argv[2] ); // convert co
mmand-line input to N= number of points[] 
 []

Package hyperref Info: bookmark level for unknown program defaults to 0 on inpu
t line 139.
[2]
Underfull \hbox (badness 10000) in paragraph at lines 167--177

 []


Underfull \hbox (badness 10000) in paragraph at lines 167--177

 []

<hw4_p2b.png, id=44, 520.344pt x 414.1071pt>
File: hw4_p2b.png Graphic file (type png)
 <use hw4_p2b.png>
Package pdftex.def Info: hw4_p2b.png used on input line 180.
(pdftex.def)             Requested size: 375.80544pt x 299.09206pt.

Overfull \hbox (2.73949pt too wide) in paragraph at lines 217--217
[]  \OT1/cmtt/m/n/9 double approx_integral[pow_max]  ;                         
//  to save integral values of 4^k iter[] 
 []


Overfull \hbox (2.73949pt too wide) in paragraph at lines 238--238
[]    \OT1/cmtt/m/n/9 pow_count += 1;                                         /
/ prepare 'pow_count' for next iteratin[] 
 []


Overfull \hbox (2.73949pt too wide) in paragraph at lines 240--240
[]    \OT1/cmtt/m/n/9 n_stop     *= 4 ;                                       /
/ n_stop for next for loop by mltiply*4[] 
 []


LaTeX Warning: Float too large for page by 54.87854pt on input line 256.

[3 <./hw4_p2b.png>] [4]
Overfull \hbox (23.5335pt too wide) in paragraph at lines 298--299
[][][][][][][][][][][][][] 
 []


Overfull \hbox (23.5335pt too wide) in paragraph at lines 299--300
[][][][][][][][][][][][][] 
 []


Overfull \hbox (23.5335pt too wide) in paragraph at lines 300--301
[][][][][][][][][][][][][] 
 []


Overfull \hbox (23.5335pt too wide) in paragraph at lines 301--302
[][][][][][][][][][][] 
 []


Overfull \hbox (23.5335pt too wide) in paragraph at lines 302--303
[][][][][][][][][][][] 
 []


Overfull \hbox (23.5335pt too wide) in paragraph at lines 303--304
[][][][][][][][][][][][][] 
 []


Overfull \hbox (23.5335pt too wide) in paragraph at lines 304--305
[][][][][][][][][][][] 
 []


Overfull \hbox (23.5335pt too wide) in paragraph at lines 305--306
[][][][][][][][][][][] 
 []


Overfull \hbox (23.5335pt too wide) in paragraph at lines 306--307
[][][][][][][][][][][][][] 
 []


Overfull \hbox (23.5335pt too wide) in paragraph at lines 307--308
[][][][][][][][][][][][][] 
 []


Overfull \hbox (23.5335pt too wide) in paragraph at lines 308--309
[][][][][][][][][][][][][] 
 []


Overfull \hbox (23.5335pt too wide) in paragraph at lines 309--310
[][][][][][][][][][][][][] 
 []


Overfull \hbox (23.5335pt too wide) in paragraph at lines 310--311
[][][][][][][][][][][] 
 []


Overfull \hbox (23.5335pt too wide) in paragraph at lines 311--313
[][][][][][][][][][][] 
 []


Overfull \hbox (63.22337pt too wide) in paragraph at lines 325--326
[][][][][][][][][][][][][][][][][][][][][][][][][][][][][][][][][] 
 []


Overfull \hbox (63.22337pt too wide) in paragraph at lines 326--327
[][][][][][][][][][][][][][][][][][][][][][][][][][][][][][][][][] 
 []


Overfull \hbox (63.22337pt too wide) in paragraph at lines 327--328
[][][][][][][][][][][][][][][][][][][][][][][][][][][][][][][][][] 
 []


Overfull \hbox (68.89336pt too wide) in paragraph at lines 328--329
[][][][][][][][][][][][][][][][][][][][][][][][][][][][][][][][][] 
 []


Overfull \hbox (68.89336pt too wide) in paragraph at lines 329--330
[][][][][][][][][][][][][][][][][][][][][][][][][][][][][][][][][] 
 []

[5]
Overfull \hbox (63.22337pt too wide) in paragraph at lines 330--331
[][][][][][][][][][][][][][][][][][][][][][][][][][][][][][][] 
 []


Overfull \hbox (63.22337pt too wide) in paragraph at lines 331--332
[][][][][][][][][][][][][][][][][][][][][][][][][][][][][][][][][] 
 []


Overfull \hbox (68.89336pt too wide) in paragraph at lines 332--333
[][][][][][][][][][][][][][][][][][][][][][][][][][][][][][][][][] 
 []


Overfull \hbox (68.89336pt too wide) in paragraph at lines 333--334
[][][][][][][][][][][][][][][][][][][][][][][][][][][][][][][][][] 
 []


Overfull \hbox (63.22337pt too wide) in paragraph at lines 334--335
[][][][][][][][][][][][][][][][][][][][][][][][][][][][][][][][][] 
 []


Overfull \hbox (68.89336pt too wide) in paragraph at lines 335--336
[][][][][][][][][][][][][][][][][][][][][][][][][][][][][][][][][] 
 []


Overfull \hbox (68.89336pt too wide) in paragraph at lines 336--337
[][][][][][][][][][][][][][][][][][][][][][][][][][][][][][][][][] 
 []


Overfull \hbox (68.89336pt too wide) in paragraph at lines 337--338
[][][][][][][][][][][][][][][][][][][][][][][][][][][][][][][][][] 
 []


Overfull \hbox (63.22337pt too wide) in paragraph at lines 338--339
[][][][][][][][][][][][][][][][][][][][][][][][][][][][][][][] 
 []


Overfull \hbox (68.89336pt too wide) in paragraph at lines 339--340
[][][][][][][][][][][][][][][][][][][][][][][][][][][][][][][][][] 
 []


Overfull \hbox (68.89336pt too wide) in paragraph at lines 340--342
[][][][][][][][][][][][][][][][][][][][][][][][][][][][][][][][][] 
 []


Overfull \hbox (68.89336pt too wide) in paragraph at lines 345--346
[][][][][][][][][][][][][][][][][][][][][][][][][][][][][][][] 
 []


Overfull \hbox (68.89336pt too wide) in paragraph at lines 346--347
[][][][][][][][][][][][][][][][][][][][][][][][][][][][][][][][][] 
 []


Overfull \hbox (68.89336pt too wide) in paragraph at lines 347--348
[][][][][][][][][][][][][][][][][][][][][][][][][][][][][][][][][] 
 []


Overfull \hbox (68.89336pt too wide) in paragraph at lines 348--350
[][][][][][][][][][][][][][][][][][][][][][][][][][][][][][][] 
 []


Underfull \hbox (badness 10000) in paragraph at lines 358--362

 []

Missing character: There is no ‚ in font cmr9!
Missing character: There is no Ä in font cmr9!
Missing character: There is no ô in font cmr9!
Missing character: There is no ‚ in font cmr9!
Missing character: There is no Ä in font cmr9!
Missing character: There is no ô in font cmr9!
Missing character: There is no ‚ in font cmr9!
Missing character: There is no Ä in font cmr9!
Missing character: There is no ô in font cmr9!
Missing character: There is no ‚ in font cmr9!
Missing character: There is no Ä in font cmr9!
Missing character: There is no ô in font cmr9!
Missing character: There is no √ in font cmr9!
Missing character: There is no ó in font cmr9!
Missing character: There is no ‚ in font cmr9!
Missing character: There is no Ä in font cmr9!
Missing character: There is no ô in font cmr9!

Underfull \hbox (badness 10000) in paragraph at lines 375--381

 []


Overfull \hbox (2.73949pt too wide) in paragraph at lines 448--448
[]  \OT1/cmtt/m/n/9 n_start    = n_stop+1;                                     
   // prepare n_start for next for loop[] 
 []


Overfull \hbox (2.73949pt too wide) in paragraph at lines 449--449
[]  \OT1/cmtt/m/n/9 n_stop    *= 2 ;                                  // prepar
e n_stop for next for loop by multipl 4[] 
 []


LaTeX Warning: Float too large for page by 65.67851pt on input line 457.

[6] [7] [8] <hw4_p3c_7822316.png, id=153, 510.9489pt x 411.939pt>
File: hw4_p3c_7822316.png Graphic file (type png)

<use hw4_p3c_7822316.png>
Package pdftex.def Info: hw4_p3c_7822316.png used on input line 528.
(pdftex.def)             Requested size: 375.80544pt x 302.98837pt.

Overfull \hbox (6.52354pt too wide) in paragraph at lines 540--541
[][][][][][][][][][][][][][][][][][][][][][] 
 []


Overfull \hbox (6.52354pt too wide) in paragraph at lines 541--542
[][][][][][][][][][][][][][][][][][][][][][] 
 []


Overfull \hbox (6.52354pt too wide) in paragraph at lines 542--543
[][][][][][][][][][][][][][][][][][][][][][] 
 []


Overfull \hbox (6.52354pt too wide) in paragraph at lines 543--544
[][][][][][][][][][][][][][][][][][][][][][] 
 []


Overfull \hbox (6.52354pt too wide) in paragraph at lines 544--545
[][][][][][][][][][][][][][][][][][][][][][] 
 []


Overfull \hbox (12.19353pt too wide) in paragraph at lines 551--552
[][][][][][][][][][][][][][][][][][][][][][][][][] 
 []


Overfull \hbox (12.19353pt too wide) in paragraph at lines 552--553
[][][][][][][][][][][][][][][][][][][][][][][][][] 
 []


Overfull \hbox (12.19353pt too wide) in paragraph at lines 553--554
[][][][][][][][][][][][][][][][][][][][][][][][][] 
 []


Overfull \hbox (12.19353pt too wide) in paragraph at lines 554--555
[][][][][][][][][][][][][][][][][][][][][][][][][] 
 []


Overfull \hbox (12.19353pt too wide) in paragraph at lines 555--556
[][][][][][][][][][][][][][][][][][][][][][][][] 
 []

[9 <./hw4_p3c_7822316.png>]
Missing character: There is no ‚ in font cmr9!
Missing character: There is no Ä in font cmr9!
Missing character: There is no ú in font cmr9!
Missing character: There is no ‚ in font cmr9!
Missing character: There is no Ä in font cmr9!
Missing character: There is no ù in font cmr9!
Missing character: There is no ‚ in font cmr9!
Missing character: There is no Ä in font cmr9!
Missing character: There is no ô in font cmr9!

Underfull \hbox (badness 10000) in paragraph at lines 562--571

 []


Overfull \hbox (2.73949pt too wide) in paragraph at lines 595--595
[]  \OT1/cmtt/m/n/9 if ( isinf(N) || N == 0 || N == 705032704 || N == 922337203
6854775807) {  //70...u int,92..ull int[] 
 []


Overfull \hbox (2.73949pt too wide) in paragraph at lines 617--617
[]    \OT1/cmtt/m/n/9 working_loop = false;        }                         //
 exit from while loop end of the circle[] 
 []


Overfull \hbox (7.46443pt too wide) in paragraph at lines 625--625
[]    \OT1/cmtt/m/n/9 funcL_sum += funcL( xdim );                       // Appl
y func L and add it up integral veriable[] 
 []


Overfull \hbox (2.73949pt too wide) in paragraph at lines 631--631
[]  \OT1/cmtt/m/n/9 n_start    = n_stop+1;                                     
   // prepare n_start for next for loop[] 
 []


LaTeX Warning: Float too large for page by 11.67865pt on input line 638.

[10] [11] [12] <hw4_p3e9_7820263.png, id=196, 514.5624pt x 432.8973pt>
File: hw4_p3e9_7820263.png Graphic file (type png)

<use hw4_p3e9_7820263.png>
Package pdftex.def Info: hw4_p3e9_7820263.png used on input line 695.
(pdftex.def)             Requested size: 375.80544pt x 316.17754pt.
 [13 <./hw4_p3e9_7820263.png>]
<hw4_p3e9_mycomputer.png, id=221, 505.89pt x 432.8973pt>
File: hw4_p3e9_mycomputer.png Graphic file (type png)

<use hw4_p3e9_mycomputer.png>
Package pdftex.def Info: hw4_p3e9_mycomputer.png used on input line 732.
(pdftex.def)             Requested size: 375.80544pt x 321.58742pt.
Package atveryend Info: Empty hook `BeforeClearDocument' on input line 764.
 [14 <./hw4_p3e9_mycomputer.png>]
Package atveryend Info: Empty hook `AfterLastShipout' on input line 764.

(./MD_SolHW4_1.aux)
Package atveryend Info: Executing hook `AtVeryEndDocument' on input line 764.
Package atveryend Info: Executing hook `AtEndAfterFileList' on input line 764.
Package rerunfilecheck Info: File `MD_SolHW4_1.out' has not changed.
(rerunfilecheck)             Checksum: D41D8CD98F00B204E9800998ECF8427E;0.


LaTeX Font Warning: Size substitutions with differences
(Font)              up to 0.96002pt have occurred.


LaTeX Warning: There were multiply-defined labels.

Package atveryend Info: Empty hook `AtVeryVeryEnd' on input line 764.
 ) 
Here is how much of TeX's memory you used:
 9476 strings out of 493014
 144590 string characters out of 6133351
 314314 words of memory out of 5000000
 12766 multiletter control sequences out of 15000+600000
 7894 words of font info for 29 fonts, out of 8000000 for 9000
 1141 hyphenation exceptions out of 8191
 36i,7n,39p,656b,1632s stack positions out of 5000i,500n,10000p,200000b,80000s
</usr/local/texlive/2016/texmf-dist/fonts/type1/public/amsfonts/cm/cmbx12.pfb
></usr/local/texlive/2016/texmf-dist/fonts/type1/public/amsfonts/cm/cmbx9.pfb><
/usr/local/texlive/2016/texmf-dist/fonts/type1/public/amsfonts/cm/cmbxti10.pfb>
</usr/local/texlive/2016/texmf-dist/fonts/type1/public/amsfonts/cmextra/cmex9.p
fb></usr/local/texlive/2016/texmf-dist/fonts/type1/public/amsfonts/cm/cmmi6.pfb
></usr/local/texlive/2016/texmf-dist/fonts/type1/public/amsfonts/cm/cmmi9.pfb><
/usr/local/texlive/2016/texmf-dist/fonts/type1/public/amsfonts/cm/cmr6.pfb></us
r/local/texlive/2016/texmf-dist/fonts/type1/public/amsfonts/cm/cmr9.pfb></usr/l
ocal/texlive/2016/texmf-dist/fonts/type1/public/amsfonts/cm/cmsy9.pfb></usr/loc
al/texlive/2016/texmf-dist/fonts/type1/public/amsfonts/cm/cmtt9.pfb>
Output written on MD_SolHW4_1.pdf (14 pages, 267555 bytes).
PDF statistics:
 315 PDF objects out of 1000 (max. 8388607)
 274 compressed objects within 3 object streams
 157 named destinations out of 1000 (max. 500000)
 21 words of extra memory for PDF output out of 10000 (max. 10000000)

